2012/10/28 14:57:19 [error] [php] include(PhraseQuery.php) [<a href='function.include'>function.include</a>]: failed to open stream: No such file or directory (/Volumes/Sites/yii/framework/YiiBase.php:423)
Stack trace:
#0 /Volumes/Sites/RandomPassPhrase/api/protected/components/TApiController.php(34): spl_autoload_call()
#1 /Volumes/Sites/RandomPassPhrase/api/protected/controllers/ApiController.php(7): ApiController->constructQuery()
#2 /Volumes/Sites/yii/framework/web/actions/CInlineAction.php(50): ApiController->actionPhrase()
#3 /Volumes/Sites/yii/framework/web/CController.php(309): CInlineAction->runWithParams()
#4 /Volumes/Sites/yii/framework/web/CController.php(287): ApiController->runAction()
#5 /Volumes/Sites/yii/framework/web/CController.php(266): ApiController->runActionWithFilters()
#6 /Volumes/Sites/yii/framework/web/CWebApplication.php(283): ApiController->run()
#7 /Volumes/Sites/yii/framework/web/CWebApplication.php(142): CWebApplication->runController()
#8 /Volumes/Sites/yii/framework/base/CApplication.php(162): CWebApplication->processRequest()
#9 /Volumes/Sites/RandomPassPhrase/api/index.php(13): CWebApplication->run()
REQUEST_URI=/~fsb/RandomPassPhrase/api/
in /Volumes/Sites/RandomPassPhrase/api/protected/components/TApiController.php (34)
in /Volumes/Sites/RandomPassPhrase/api/protected/controllers/ApiController.php (7)
in /Volumes/Sites/RandomPassPhrase/api/index.php (13)
2012/10/28 14:57:39 [error] [php] include(PhraseQuery.php) [<a href='function.include'>function.include</a>]: failed to open stream: No such file or directory (/Volumes/Sites/yii/framework/YiiBase.php:423)
Stack trace:
#0 /Volumes/Sites/RandomPassPhrase/api/protected/components/TApiController.php(34): spl_autoload_call()
#1 /Volumes/Sites/RandomPassPhrase/api/protected/controllers/ApiController.php(7): ApiController->constructQuery()
#2 /Volumes/Sites/yii/framework/web/actions/CInlineAction.php(50): ApiController->actionPhrase()
#3 /Volumes/Sites/yii/framework/web/CController.php(309): CInlineAction->runWithParams()
#4 /Volumes/Sites/yii/framework/web/CController.php(287): ApiController->runAction()
#5 /Volumes/Sites/yii/framework/web/CController.php(266): ApiController->runActionWithFilters()
#6 /Volumes/Sites/yii/framework/web/CWebApplication.php(283): ApiController->run()
#7 /Volumes/Sites/yii/framework/web/CWebApplication.php(142): CWebApplication->runController()
#8 /Volumes/Sites/yii/framework/base/CApplication.php(162): CWebApplication->processRequest()
#9 /Volumes/Sites/RandomPassPhrase/api/index.php(13): CWebApplication->run()
REQUEST_URI=/~fsb/RandomPassPhrase/api/
in /Volumes/Sites/RandomPassPhrase/api/protected/components/TApiController.php (34)
in /Volumes/Sites/RandomPassPhrase/api/protected/controllers/ApiController.php (7)
in /Volumes/Sites/RandomPassPhrase/api/index.php (13)
2012/10/28 14:57:42 [error] [php] include(PhraseQuery.php) [<a href='function.include'>function.include</a>]: failed to open stream: No such file or directory (/Volumes/Sites/yii/framework/YiiBase.php:423)
Stack trace:
#0 /Volumes/Sites/RandomPassPhrase/api/protected/components/TApiController.php(34): spl_autoload_call()
#1 /Volumes/Sites/RandomPassPhrase/api/protected/controllers/ApiController.php(7): ApiController->constructQuery()
#2 /Volumes/Sites/yii/framework/web/actions/CInlineAction.php(50): ApiController->actionPhrase()
#3 /Volumes/Sites/yii/framework/web/CController.php(309): CInlineAction->runWithParams()
#4 /Volumes/Sites/yii/framework/web/CController.php(287): ApiController->runAction()
#5 /Volumes/Sites/yii/framework/web/CController.php(266): ApiController->runActionWithFilters()
#6 /Volumes/Sites/yii/framework/web/CWebApplication.php(283): ApiController->run()
#7 /Volumes/Sites/yii/framework/web/CWebApplication.php(142): CWebApplication->runController()
#8 /Volumes/Sites/yii/framework/base/CApplication.php(162): CWebApplication->processRequest()
#9 /Volumes/Sites/RandomPassPhrase/api/index.php(13): CWebApplication->run()
REQUEST_URI=/~fsb/RandomPassPhrase/api/
in /Volumes/Sites/RandomPassPhrase/api/protected/components/TApiController.php (34)
in /Volumes/Sites/RandomPassPhrase/api/protected/controllers/ApiController.php (7)
in /Volumes/Sites/RandomPassPhrase/api/index.php (13)
2012/10/28 14:58:08 [error] [php] include(PassPhrase.php) [<a href='function.include'>function.include</a>]: failed to open stream: No such file or directory (/Volumes/Sites/yii/framework/YiiBase.php:423)
Stack trace:
#0 /Volumes/Sites/RandomPassPhrase/api/protected/models/PhraseQuery.php(24): spl_autoload_call()
#1 /Volumes/Sites/RandomPassPhrase/api/protected/components/TApiController.php(34): PhraseQuery->__construct()
#2 /Volumes/Sites/RandomPassPhrase/api/protected/controllers/ApiController.php(7): ApiController->constructQuery()
#3 /Volumes/Sites/yii/framework/web/actions/CInlineAction.php(50): ApiController->actionPhrase()
#4 /Volumes/Sites/yii/framework/web/CController.php(309): CInlineAction->runWithParams()
#5 /Volumes/Sites/yii/framework/web/CController.php(287): ApiController->runAction()
#6 /Volumes/Sites/yii/framework/web/CController.php(266): ApiController->runActionWithFilters()
#7 /Volumes/Sites/yii/framework/web/CWebApplication.php(283): ApiController->run()
#8 /Volumes/Sites/yii/framework/web/CWebApplication.php(142): CWebApplication->runController()
#9 /Volumes/Sites/yii/framework/base/CApplication.php(162): CWebApplication->processRequest()
#10 /Volumes/Sites/RandomPassPhrase/api/index.php(13): CWebApplication->run()
REQUEST_URI=/~fsb/RandomPassPhrase/api/
in /Volumes/Sites/RandomPassPhrase/api/protected/models/PhraseQuery.php (24)
in /Volumes/Sites/RandomPassPhrase/api/protected/components/TApiController.php (34)
in /Volumes/Sites/RandomPassPhrase/api/protected/controllers/ApiController.php (7)
2012/10/28 14:59:32 [error] [php] require(./Randomness.php) [<a href='function.require'>function.require</a>]: failed to open stream: No such file or directory (/Volumes/Sites/RandomPassPhrase/api/protected/components/PassPhrase.php:2)
Stack trace:
#0 unknown(0): autoload()
#1 /Volumes/Sites/RandomPassPhrase/api/protected/models/PhraseQuery.php(24): spl_autoload_call()
#2 /Volumes/Sites/RandomPassPhrase/api/protected/components/TApiController.php(34): PhraseQuery->__construct()
#3 /Volumes/Sites/RandomPassPhrase/api/protected/controllers/ApiController.php(7): ApiController->constructQuery()
#4 /Volumes/Sites/yii/framework/web/actions/CInlineAction.php(50): ApiController->actionPhrase()
#5 /Volumes/Sites/yii/framework/web/CController.php(309): CInlineAction->runWithParams()
#6 /Volumes/Sites/yii/framework/web/CController.php(287): ApiController->runAction()
#7 /Volumes/Sites/yii/framework/web/CController.php(266): ApiController->runActionWithFilters()
#8 /Volumes/Sites/yii/framework/web/CWebApplication.php(283): ApiController->run()
#9 /Volumes/Sites/yii/framework/web/CWebApplication.php(142): CWebApplication->runController()
#10 /Volumes/Sites/yii/framework/base/CApplication.php(162): CWebApplication->processRequest()
#11 /Volumes/Sites/RandomPassPhrase/api/index.php(13): CWebApplication->run()
REQUEST_URI=/~fsb/RandomPassPhrase/api/
in /Volumes/Sites/RandomPassPhrase/api/protected/components/PassPhrase.php (2)
in /Volumes/Sites/RandomPassPhrase/api/protected/components/PassPhrase.php (2)
in /Volumes/Sites/RandomPassPhrase/api/protected/models/PhraseQuery.php (24)
2012/10/28 15:00:27 [error] [exception.CException] exception 'CException' with message 'Property "PhraseQuery.id" is not defined.' in /Volumes/Sites/yii/framework/base/CComponent.php:131
Stack trace:
#0 /Volumes/Sites/yii/framework/validators/CRequiredValidator.php(52): CComponent->__get('id')
#1 /Volumes/Sites/yii/framework/validators/CValidator.php(214): CRequiredValidator->validateAttribute(Object(PhraseQuery), 'id')
#2 /Volumes/Sites/yii/framework/base/CModel.php(158): CValidator->validate(Object(PhraseQuery), NULL)
#3 /Volumes/Sites/RandomPassPhrase/api/protected/components/TApiQuery.php(73): CModel->validate(NULL, false)
#4 /Volumes/Sites/RandomPassPhrase/api/protected/components/TApiController.php(48): TApiQuery->doInputs()
#5 /Volumes/Sites/RandomPassPhrase/api/protected/controllers/ApiController.php(8): TApiController->doRequest()
#6 /Volumes/Sites/yii/framework/web/actions/CInlineAction.php(50): ApiController->actionPhrase()
#7 /Volumes/Sites/yii/framework/web/CController.php(309): CInlineAction->runWithParams(Array)
#8 /Volumes/Sites/yii/framework/web/CController.php(287): CController->runAction(Object(CInlineAction))
#9 /Volumes/Sites/yii/framework/web/CController.php(266): CController->runActionWithFilters(Object(CInlineAction), Array)
#10 /Volumes/Sites/yii/framework/web/CWebApplication.php(283): CController->run('phrase')
#11 /Volumes/Sites/yii/framework/web/CWebApplication.php(142): CWebApplication->runController('api/phrase')
#12 /Volumes/Sites/yii/framework/base/CApplication.php(162): CWebApplication->processRequest()
#13 /Volumes/Sites/RandomPassPhrase/api/index.php(13): CApplication->run()
#14 {main}
REQUEST_URI=/~fsb/RandomPassPhrase/api/
---
2012/10/28 15:09:41 [warning] [application] Failed to set unsafe attribute "fm" of "PhraseQuery".
in /Volumes/Sites/RandomPassPhrase/api/protected/components/TApiQuery.php (72)
in /Volumes/Sites/RandomPassPhrase/api/protected/components/TApiController.php (48)
in /Volumes/Sites/RandomPassPhrase/api/protected/controllers/ApiController.php (8)
2012/10/28 15:09:46 [warning] [application] Failed to set unsafe attribute "fm" of "PhraseQuery".
in /Volumes/Sites/RandomPassPhrase/api/protected/components/TApiQuery.php (72)
in /Volumes/Sites/RandomPassPhrase/api/protected/components/TApiController.php (48)
in /Volumes/Sites/RandomPassPhrase/api/protected/controllers/ApiController.php (8)
2012/10/28 15:43:33 [error] [php] include(TApiController.php): failed to open stream: No such file or directory (/Volumes/Sites/yii/framework/YiiBase.php:423)
Stack trace:
#0 /Volumes/Sites/RandomPassPhrase/api/protected/controllers/ApiController.php(4): spl_autoload_call()
#1 /Volumes/Sites/yii/framework/web/CWebApplication.php(355): require()
#2 /Volumes/Sites/yii/framework/web/CWebApplication.php(277): CWebApplication->createController()
#3 /Volumes/Sites/yii/framework/web/CWebApplication.php(142): CWebApplication->runController()
#4 /Volumes/Sites/yii/framework/base/CApplication.php(162): CWebApplication->processRequest()
#5 /Volumes/Sites/RandomPassPhrase/api/index.php(13): CWebApplication->run()
REQUEST_URI=/~fsb/RandomPassPhrase/api/?docs=1
in /Volumes/Sites/RandomPassPhrase/api/protected/controllers/ApiController.php (4)
in /Volumes/Sites/RandomPassPhrase/api/index.php (13)
2012/10/28 16:01:22 [warning] [application] Failed to set unsafe attribute "fm" of "PhraseQuery".
in /Volumes/Sites/RandomPassPhrase/api/protected/extensions/TApiQuery.php (72)
in /Volumes/Sites/RandomPassPhrase/api/protected/extensions/TApiController.php (48)
in /Volumes/Sites/RandomPassPhrase/api/protected/controllers/ApiController.php (8)
2012/10/28 16:01:24 [warning] [application] Failed to set unsafe attribute "fm" of "PhraseQuery".
in /Volumes/Sites/RandomPassPhrase/api/protected/extensions/TApiQuery.php (72)
in /Volumes/Sites/RandomPassPhrase/api/protected/extensions/TApiController.php (48)
in /Volumes/Sites/RandomPassPhrase/api/protected/controllers/ApiController.php (8)
